<?xml version="1.0" encoding="UTF-8"?>
<!-- Generated by org.testng.reporters.JUnitXMLReporter -->
<testsuite ignored="0" hostname="Sakthi" failures="0" tests="7" name="Default Tests" time="65.226" errors="0" timestamp="2025-11-02T16:16:13 IST">
  <testcase classname="com.adactin.AdactinHotel" name="loginTest" time="1.561"/>
  <testcase classname="com.adactin.AdactinHotel" name="searchTest" time="1.796"/>
  <testcase classname="com.adactin.AdactinHotel" name="selectTest" time="0.778"/>
  <testcase classname="com.adactin.AdactinHotel" name="BookHotelTest" time="1.516"/>
  <testcase classname="com.adactin.AdactinHotel" name="confirmBookTest" time="5.989"/>
  <testcase classname="com.adactin.AdactinHotel" name="itenary" time="44.182"/>
  <testcase classname="com.adactin.AdactinHotel" name="reLog" time="0.507"/>
</testsuite> <!-- Default Tests -->
