<?xml version="1.0" encoding="UTF-8"?>
<!-- Generated by org.testng.reporters.JUnitXMLReporter -->
<testsuite ignored="0" hostname="Sakthi" failures="0" tests="7" name="Default Tests" time="49.97" errors="0" timestamp="2025-11-02T15:17:53 IST">
  <testcase classname="com.adactin.AdactinHotel" name="loginTest" time="1.278"/>
  <testcase classname="com.adactin.AdactinHotel" name="searchTest" time="1.903"/>
  <testcase classname="com.adactin.AdactinHotel" name="selectTest" time="0.567"/>
  <testcase classname="com.adactin.AdactinHotel" name="BookHotelTest" time="1.332"/>
  <testcase classname="com.adactin.AdactinHotel" name="confirmBookTest" time="5.361"/>
  <testcase classname="com.adactin.AdactinHotel" name="itenary" time="31.246"/>
  <testcase classname="com.adactin.AdactinHotel" name="reLog" time="0.48"/>
</testsuite> <!-- Default Tests -->
