<?xml version="1.0" encoding="UTF-8"?>
<!-- Generated by org.testng.reporters.JUnitXMLReporter -->
<testsuite ignored="0" hostname="DESKTOP-TL95184" failures="1" tests="8" name="Test" time="37.46" errors="0" timestamp="19 Mar 2024 14:24:29 GMT">
  <testcase classname="com.adactin.AdactinHotel" name="BrowserLaunch" time="16.455"/>
  <testcase classname="com.adactin.AdactinHotel" name="loginTest" time="1.076"/>
  <testcase classname="com.adactin.AdactinHotel" name="searchTest" time="3.228"/>
  <testcase classname="com.adactin.AdactinHotel" name="selectTest" time="1.023"/>
  <testcase classname="com.adactin.AdactinHotel" name="BookHotelTest" time="1.5"/>
  <testcase classname="com.adactin.AdactinHotel" name="confirmBookTest" time="5.597"/>
  <testcase classname="com.adactin.AdactinHotel" name="itenary" time="8.482"/>
  <testcase classname="com.adactin.AdactinHotel" name="reLog" time="0.013">
    <failure type="java.lang.NullPointerException" message="Cannot invoke &amp;quot;org.openqa.selenium.WebElement.click()&amp;quot; because the return value of &amp;quot;com.pom.AgainLogin.getAgainlog()&amp;quot; is null">
      <![CDATA[java.lang.NullPointerException: Cannot invoke "org.openqa.selenium.WebElement.click()" because the return value of "com.pom.AgainLogin.getAgainlog()" is null
at com.adactin.AdactinHotel.reLog(AdactinHotel.java:117)
... Removed 25 stack frames]]>
    </failure>
  </testcase> <!-- reLog -->
</testsuite> <!-- Test -->
