<?xml version="1.0" encoding="UTF-8"?>
<!-- Generated by org.testng.reporters.JUnitReportReporter -->
<testsuite hostname="Sakthi" failures="0" tests="7" name="com.adactin.AdactinHotel" time="42.172" errors="0" timestamp="2025-11-02T15:17:53 IST" skipped="0">
  <testcase classname="com.adactin.AdactinHotel" name="loginTest" time="1.279"/>
  <system-out/>
  <testcase classname="com.adactin.AdactinHotel" name="searchTest" time="1.903"/>
  <system-out/>
  <testcase classname="com.adactin.AdactinHotel" name="selectTest" time="0.568"/>
  <system-out/>
  <testcase classname="com.adactin.AdactinHotel" name="BookHotelTest" time="1.333"/>
  <system-out/>
  <testcase classname="com.adactin.AdactinHotel" name="confirmBookTest" time="5.363"/>
  <system-out/>
  <testcase classname="com.adactin.AdactinHotel" name="itenary" time="31.246"/>
  <system-out/>
  <testcase classname="com.adactin.AdactinHotel" name="reLog" time="0.480"/>
  <system-out/>
</testsuite> <!-- com.adactin.AdactinHotel -->
