<?xml version="1.0" encoding="UTF-8"?>
<!-- Generated by org.testng.reporters.JUnitReportReporter -->
<testsuite hostname="Sakthi" failures="0" tests="7" name="com.adactin.AdactinHotel" time="56.337" errors="0" timestamp="2025-11-02T16:16:13 IST" skipped="0">
  <testcase classname="com.adactin.AdactinHotel" name="loginTest" time="1.562"/>
  <system-out/>
  <testcase classname="com.adactin.AdactinHotel" name="searchTest" time="1.797"/>
  <system-out/>
  <testcase classname="com.adactin.AdactinHotel" name="selectTest" time="0.779"/>
  <system-out/>
  <testcase classname="com.adactin.AdactinHotel" name="BookHotelTest" time="1.518"/>
  <system-out/>
  <testcase classname="com.adactin.AdactinHotel" name="confirmBookTest" time="5.990"/>
  <system-out/>
  <testcase classname="com.adactin.AdactinHotel" name="itenary" time="44.183"/>
  <system-out/>
  <testcase classname="com.adactin.AdactinHotel" name="reLog" time="0.508"/>
  <system-out/>
</testsuite> <!-- com.adactin.AdactinHotel -->
